
========== Nodes voltage to reference ========
e1 =  [-0.]
e2 =  [ 9.99999996e-11]

========== Branches voltage difference ========
v1 =  [-0.]
v2 =  [-9.99999996e-11]
v3 =  [ 9.99999996e-11]

=============== Branches currents ==============
i1 =  [-9.99999996e-14]
i2 =  [ 9.99999996e-14]
i3 =  [ 9.99999996e-14]

================= End solution =================

Traceback (most recent call last):
  File "zlel_main.py", line 25, in <module>
    zl1.solveCircuit(filename)
  File "D:\Documentos\Github\ZLEL proiektua\zlel\zlel_p1.py", line 1028, in solveCircuit
    solve_orders(T, U, orders, branch_list, nd_list, el_num, Aa, filenameDC,
  File "D:\Documentos\Github\ZLEL proiektua\zlel\zlel_p1.py", line 862, in solve_orders
    solveTR(order, b, n, cirLineal, branch_list, filenameTR, A)
  File "D:\Documentos\Github\ZLEL proiektua\zlel\zlel_p1.py", line 948, in solveTR
    solveNonLinealOP(b, n, T=T, U=Ui,
NameError: name 'T' is not defined
