0.6
wololo
-0.03252080736600656 0.03219881917426392 0.03219881917426392 -0.046458296237152225 0.0006475349058521581 -0.009388090020800053
0.6
wololo
-0.03252080736600656 0.03219881917426392 0.03219881917426392 -0.046458296237152225 0.0006475349058521581 -0.009388090020800053
0.6
wololo
-0.03252080736600656 0.03219881917426392 0.03219881917426392 -0.046458296237152225 0.0006475349058521581 -0.009388090020800053
0.6
wololo
-0.03252080736600656 0.03219881917426392 0.03219881917426392 -0.046458296237152225 0.0006475349058521581 -0.009388090020800053
0.6
wololo
-0.03252080736600656 0.03219881917426392 0.03219881917426392 -0.046458296237152225 0.0006475349058521581 -0.009388090020800053
0.6
wololo
-0.03252080736600656 0.03219881917426392 0.03219881917426392 -0.046458296237152225 0.0006475349058521581 -0.009388090020800053
6 Elements
5 Different nodes: [0 1 2 3 4]

6 Branches:
	0. branch:	V1,	i0,	v0=e1-e0
	1. branch:	R1,	i1,	v1=e1-e2
	2. branch:	R2,	i2,	v2=e2-e0
	3. branch:	Q1_be,	i3,	v3=e2-e4
	4. branch:	Q1_bc,	i4,	v4=e2-e3
	5. branch:	RC,	i5,	v5=e1-e3
	6. branch:	RE,	i6,	v6=e4-e0

18 variables: 
e1, e2, e3, e4, i1, i2, i3, i4, i5, i6, i7, v1, v2, v3, v4, v5, v6, v7

Incidence Matrix:
[[-1  0 -1  0  0  0 -1]
 [ 1  1  0  0  0  1  0]
 [ 0 -1  1  1  1  0  0]
 [ 0  0  0  0 -1 -1  0]
 [ 0  0  0 -1  0  0  1]]
0.6441136852068663
wololo
-0.17915902390511984 0.024335919314275332 0.17738517218328698 -0.03511325501059726 -0.09634175107325173 0.08885665089186727
0.6441136852068663
wololo
-0.17915902390511984 0.024335919314275332 0.17738517218328698 -0.03511325501059726 -0.09634175107325173 0.08885665089186727
0.6441136852068663
wololo
-0.17915902390511984 0.024335919314275332 0.17738517218328698 -0.03511325501059726 -0.09634175107325173 0.08885665089186727
0.6441136852068663
wololo
-0.17915902390511984 0.024335919314275332 0.17738517218328698 -0.03511325501059726 -0.09634175107325173 0.08885665089186727
0.6441136852068663
wololo
-0.17915902390511984 0.024335919314275332 0.17738517218328698 -0.03511325501059726 -0.09634175107325173 0.08885665089186727
0.6441136852068663
wololo
-0.17915902390511984 0.024335919314275332 0.17738517218328698 -0.03511325501059726 -0.09634175107325173 0.08885665089186727
0.6309956899424884
wololo
-0.10786139786687407 0.0169006906004086 0.10679346323452878 -0.02438528215201812 -0.05541285589971427 0.050400566992597665
0.6309956899424884
wololo
-0.10786139786687407 0.0169006906004086 0.10679346323452878 -0.02438528215201812 -0.05541285589971427 0.050400566992597665
0.6309956899424884
wololo
-0.10786139786687407 0.0169006906004086 0.10679346323452878 -0.02438528215201812 -0.05541285589971427 0.050400566992597665
0.6309956899424884
wololo
-0.10786139786687407 0.0169006906004086 0.10679346323452878 -0.02438528215201812 -0.05541285589971427 0.050400566992597665
0.6309956899424884
wololo
-0.10786139786687407 0.0169006906004086 0.10679346323452878 -0.02438528215201812 -0.05541285589971427 0.050400566992597665
0.6309956899424884
wololo
-0.10786139786687407 0.0169006906004086 0.10679346323452878 -0.02438528215201812 -0.05541285589971427 0.050400566992597665
0.6262970117674858
wololo
-0.08993561675018774 0.010039026739525145 0.08904516509919579 -0.01448488143845771 -0.048280444510785114 0.045212214482395735
0.6262970117674858
wololo
-0.08993561675018774 0.010039026739525145 0.08904516509919579 -0.01448488143845771 -0.048280444510785114 0.045212214482395735
0.6262970117674858
wololo
-0.08993561675018774 0.010039026739525145 0.08904516509919579 -0.01448488143845771 -0.048280444510785114 0.045212214482395735
0.6262970117674858
wololo
-0.08993561675018774 0.010039026739525145 0.08904516509919579 -0.01448488143845771 -0.048280444510785114 0.045212214482395735
0.6262970117674858
wololo
-0.08993561675018774 0.010039026739525145 0.08904516509919579 -0.01448488143845771 -0.048280444510785114 0.045212214482395735
0.6262970117674858
wololo
-0.08993561675018774 0.010039026739525145 0.08904516509919579 -0.01448488143845771 -0.048280444510785114 0.045212214482395735
0.6257694162940419
wololo
-0.08811878543323183 0.004196620656852639 0.08724632221112062 -0.0060551240906016645 -0.05056708869481592 0.04902648174295373
0.6257694162940419
wololo
-0.08811878543323183 0.004196620656852639 0.08724632221112062 -0.0060551240906016645 -0.05056708869481592 0.04902648174295373
0.6257694162940419
wololo
-0.08811878543323183 0.004196620656852639 0.08724632221112062 -0.0060551240906016645 -0.05056708869481592 0.04902648174295373
0.6257694162940419
wololo
-0.08811878543323183 0.004196620656852639 0.08724632221112062 -0.0060551240906016645 -0.05056708869481592 0.04902648174295373
0.6257694162940419
wololo
-0.08811878543323183 0.004196620656852639 0.08724632221112062 -0.0060551240906016645 -0.05056708869481592 0.04902648174295373
0.6257694162940419
wololo
-0.08811878543323183 0.004196620656852639 0.08724632221112062 -0.0060551240906016645 -0.05056708869481592 0.04902648174295373
0.6256472925586998
wololo
-0.08770349771140734 0.0005335608360952991 0.08683514624891815 -0.0007698520635089314 -0.05234056417087847 0.051703002257060614
0.6256472925586998
wololo
-0.08770349771140734 0.0005335608360952991 0.08683514624891815 -0.0007698520635089314 -0.05234056417087847 0.051703002257060614
0.6256472925586998
wololo
-0.08770349771140734 0.0005335608360952991 0.08683514624891815 -0.0007698520635089314 -0.05234056417087847 0.051703002257060614
0.6256472925586998
wololo
-0.08770349771140734 0.0005335608360952991 0.08683514624891815 -0.0007698520635089314 -0.05234056417087847 0.051703002257060614
0.6256472925586998
wololo
-0.08770349771140734 0.0005335608360952991 0.08683514624891815 -0.0007698520635089314 -0.05234056417087847 0.051703002257060614
0.6256472925586998
wololo
-0.08770349771140734 0.0005335608360952991 0.08683514624891815 -0.0007698520635089314 -0.05234056417087847 0.051703002257060614
0.6248020471237972
wololo
-0.08488235379481172 1.8722229243024042e-10 0.08404193445030864 -2.7013502193506114e-10 -0.05084029002257028 0.05033692080512111
0.6248020471237972
wololo
-0.08488235379481172 1.8722229243024042e-10 0.08404193445030864 -2.7013502193506114e-10 -0.05084029002257028 0.05033692080512111
0.6248020471237972
wololo
-0.08488235379481172 1.8722229243024042e-10 0.08404193445030864 -2.7013502193506114e-10 -0.05084029002257028 0.05033692080512111
0.6248020471237972
wololo
-0.08488235379481172 1.8722229243024042e-10 0.08404193445030864 -2.7013502193506114e-10 -0.05084029002257028 0.05033692080512111
0.6248020471237972
wololo
-0.08488235379481172 1.8722229243024042e-10 0.08404193445030864 -2.7013502193506114e-10 -0.05084029002257028 0.05033692080512111
0.6248020471237972
wololo
-0.08488235379481172 1.8722229243024042e-10 0.08404193445030864 -2.7013502193506114e-10 -0.05084029002257028 0.05033692080512111
0.6152465460387866
wololo
-0.058653245058780966 5.146056722031171e-81 0.058072519860179174 -7.425024698930689e-81 -0.034569902909420996 0.03422762664299109
0.6152465460387866
wololo
-0.058653245058780966 5.146056722031171e-81 0.058072519860179174 -7.425024698930689e-81 -0.034569902909420996 0.03422762664299109
0.6152465460387866
wololo
-0.058653245058780966 5.146056722031171e-81 0.058072519860179174 -7.425024698930689e-81 -0.034569902909420996 0.03422762664299109
0.6152465460387866
wololo
-0.058653245058780966 5.146056722031171e-81 0.058072519860179174 -7.425024698930689e-81 -0.034569902909420996 0.03422762664299109
0.6152465460387866
wololo
-0.058653245058780966 5.146056722031171e-81 0.058072519860179174 -7.425024698930689e-81 -0.034569902909420996 0.03422762664299109
0.6152465460387866
wololo
-0.058653245058780966 5.146056722031171e-81 0.058072519860179174 -7.425024698930689e-81 -0.034569902909420996 0.03422762664299109
0.6130384504945745
wololo
-0.053851483127605015 7.939109003239685e-81 0.053318300126341596 -1.145500013324583e-80 -0.031620861382421005 0.03130778354695149
0.6130384504945745
wololo
-0.053851483127605015 7.939109003239685e-81 0.053318300126341596 -1.145500013324583e-80 -0.031620861382421005 0.03130778354695149
0.6130384504945745
wololo
-0.053851483127605015 7.939109003239685e-81 0.053318300126341596 -1.145500013324583e-80 -0.031620861382421005 0.03130778354695149
0.6130384504945745
wololo
-0.053851483127605015 7.939109003239685e-81 0.053318300126341596 -1.145500013324583e-80 -0.031620861382421005 0.03130778354695149
0.6130384504945745
wololo
-0.053851483127605015 7.939109003239685e-81 0.053318300126341596 -1.145500013324583e-80 -0.031620861382421005 0.03130778354695149
0.6130384504945745
wololo
-0.053851483127605015 7.939109003239685e-81 0.053318300126341596 -1.145500013324583e-80 -0.031620861382421005 0.03130778354695149
0.6129414674957498
wololo
-0.05364983935663872 8.091966875092362e-81 0.05311865282835517 -1.1675552205490408e-80 -0.0314972557694111 0.031185401751892182
0.6129414674957498
wololo
-0.05364983935663872 8.091966875092362e-81 0.05311865282835517 -1.1675552205490408e-80 -0.0314972557694111 0.031185401751892182
0.6129414674957498
wololo
-0.05364983935663872 8.091966875092362e-81 0.05311865282835517 -1.1675552205490408e-80 -0.0314972557694111 0.031185401751892182
0.6129414674957498
wololo
-0.05364983935663872 8.091966875092362e-81 0.05311865282835517 -1.1675552205490408e-80 -0.0314972557694111 0.031185401751892182
0.6129414674957498
wololo
-0.05364983935663872 8.091966875092362e-81 0.05311865282835517 -1.1675552205490408e-80 -0.0314972557694111 0.031185401751892182
0.6129414674957498
wololo
-0.05364983935663872 8.091966875092362e-81 0.05311865282835517 -1.1675552205490408e-80 -0.0314972557694111 0.031185401751892182

========== Nodes voltage to reference ========
e1 =  [ 10.]
e2 =  [ 1.38963105]
e3 =  [ 5.46839428]
e4 =  [ 0.77668976]

========== Branches voltage difference ========
v1 =  [ 10.]
v2 =  [ 8.61036895]
v3 =  [ 1.38963105]
v4 =  [ 0.61294129]
v5 =  [-4.07876323]
v6 =  [ 4.53160572]
v7 =  [ 0.77668976]

=============== Branches currents ==============
i1 =  [-0.00155641]
i2 =  [ 0.0001832]
i3 =  [ 0.00016947]
i4 =  [ 0.00138695]
i5 =  [-0.00137321]
i6 =  [ 0.00137321]
i7 =  [ 0.00138695]

================= End solution =================

