0.6
wololo
-0.03252080736600656 0.03219881917426392 0.03219881917426392 -0.046458296237152225 0.0006475349058521581 -0.009388090020800053
0.6
wololo
-0.03252080736600656 0.03219881917426392 0.03219881917426392 -0.046458296237152225 0.0006475349058521581 -0.009388090020800053
0.6
wololo
-0.03252080736600656 0.03219881917426392 0.03219881917426392 -0.046458296237152225 0.0006475349058521581 -0.009388090020800053
0.6
wololo
-0.03252080736600656 0.03219881917426392 0.03219881917426392 -0.046458296237152225 0.0006475349058521581 -0.009388090020800053
0.6
wololo
-0.03252080736600656 0.03219881917426392 0.03219881917426392 -0.046458296237152225 0.0006475349058521581 -0.009388090020800053
0.6
wololo
-0.03252080736600656 0.03219881917426392 0.03219881917426392 -0.046458296237152225 0.0006475349058521581 -0.009388090020800053
0.6
wololo
-0.03252080736600656 0.03219881917426392 0.03219881917426392 -0.046458296237152225 0.0006475349058521581 -0.009388090020800053
0.6
wololo
-0.03252080736600656 0.03219881917426392 0.03219881917426392 -0.046458296237152225 0.0006475349058521581 -0.009388090020800053
0.6
wololo
-0.03252080736600656 0.03219881917426392 0.03219881917426392 -0.046458296237152225 0.0006475349058521581 -0.009388090020800053
0.6
wololo
-0.03252080736600656 0.03219881917426392 0.03219881917426392 -0.046458296237152225 0.0006475349058521581 -0.009388090020800053
0.6
wololo
-0.03252080736600656 0.03219881917426392 0.03219881917426392 -0.046458296237152225 0.0006475349058521581 -0.009388090020800053
0.6
wololo
-0.03252080736600656 0.03219881917426392 0.03219881917426392 -0.046458296237152225 0.0006475349058521581 -0.009388090020800053
11 Elements
8 Different nodes: [0 1 2 3 4 5 6 7]

11 Branches:
	0. branch:	V1,	i0,	v0=e1-e0
	1. branch:	V2,	i1,	v1=e3-e0
	2. branch:	R1,	i2,	v2=e1-e2
	3. branch:	R2,	i3,	v3=e3-e2
	4. branch:	Rs,	i4,	v4=e4-e2
	5. branch:	R4,	i5,	v5=e1-e5
	6. branch:	R5,	i6,	v6=e3-e7
	7. branch:	Rl,	i7,	v7=e0-e6
	8. branch:	Q1_be,	i8,	v8=e2-e6
	9. branch:	Q1_bc,	i9,	v9=e2-e5
	10. branch:	Q2_be,	i10,	v10=e2-e6
	11. branch:	Q2_bc,	i11,	v11=e2-e7
	12. branch:	B1,	i12,	v12=e2-e0

33 variables: 
e1, e2, e3, e4, e5, e6, e7, i1, i2, i3, i4, i5, i6, i7, i8, i9, i10, i11, i12, i13, v1, v2, v3, v4, v5, v6, v7, v8, v9, v10, v11, v12, v13

Incidence Matrix:
[[-1 -1  0  0  0  0  0  1  0  0  0  0 -1]
 [ 1  0  1  0  0  1  0  0  0  0  0  0  0]
 [ 0  0 -1 -1 -1  0  0  0  1  1  1  1  1]
 [ 0  1  0  1  0  0  1  0  0  0  0  0  0]
 [ 0  0  0  0  1  0  0  0  0  0  0  0  0]
 [ 0  0  0  0  0 -1  0  0  0 -1  0  0  0]
 [ 0  0  0  0  0  0  0 -1 -1  0 -1  0  0]
 [ 0  0  0  0  0  0 -1  0  0  0  0 -1  0]]
0.6
wololo
-0.03252080736600656 0.03219881917426392 0.03219881917426392 -0.046458296237152225 0.0006475349058521581 -0.009388090020800053
0.6
wololo
-0.03252080736600656 0.03219881917426392 0.03219881917426392 -0.046458296237152225 0.0006475349058521581 -0.009388090020800053
0.6
wololo
-0.03252080736600656 0.03219881917426392 0.03219881917426392 -0.046458296237152225 0.0006475349058521581 -0.009388090020800053
0.6
wololo
-0.03252080736600656 0.03219881917426392 0.03219881917426392 -0.046458296237152225 0.0006475349058521581 -0.009388090020800053
Traceback (most recent call last):
  File "zlel_main.py", line 25, in <module>
    zl1.solveCircuit(filename)
  File "D:\Documentos\Github\ZLEL proiektua\zlel\zlel_p1.py", line 1028, in solveCircuit
    solve_orders(T, U, orders, branch_list, nd_list, el_num, Aa, filenameDC,
  File "D:\Documentos\Github\ZLEL proiektua\zlel\zlel_p1.py", line 862, in solve_orders
    solveTR(order, b, n, cirLineal, branch_list, filenameTR, A)
  File "D:\Documentos\Github\ZLEL proiektua\zlel\zlel_p1.py", line 948, in solveTR
    solveNonLinealOP(b, n, T=T, U=Ui,
NameError: name 'T' is not defined
